<?xml version="1.0" encoding="UTF-8"?>
<!-- Generated by org.testng.reporters.JUnitXMLReporter -->
<testsuite ignored="0" hostname="DESKTOP-M3U96I6" failures="0" tests="4" name="Default test" time="2.624" errors="0" timestamp="2026-02-13T10:02:45 IST">
  <testcase classname="com.tests.CustomerAPITest" name="createCustomer" time="1.212"/>
  <testcase classname="com.tests.CustomerAPITest" name="getCustomer" time="0.087"/>
  <testcase classname="com.tests.CustomerAPITest" name="updateCustomer" time="0.679"/>
  <testcase classname="com.tests.CustomerAPITest" name="deleteCustomer" time="0.287"/>
</testsuite> <!-- Default test -->
