<?xml version="1.0" encoding="UTF-8"?>
<testng-results ignored="0" total="4" passed="4" failed="0" skipped="0">
  <reporter-output>
  </reporter-output>
  <suite started-at="2026-02-13T10:02:42 IST" name="Default suite" finished-at="2026-02-13T10:02:45 IST" duration-ms="2624">
    <groups>
    </groups>
    <test started-at="2026-02-13T10:02:42 IST" name="Default test" finished-at="2026-02-13T10:02:45 IST" duration-ms="2624">
      <class name="com.tests.CustomerAPITest">
        <test-method is-config="true" signature="setup()[pri:0, instance:com.tests.CustomerAPITest@be64738]" started-at="2026-02-13T10:02:42 IST" name="setup" finished-at="2026-02-13T10:02:42 IST" duration-ms="330" status="PASS">
          <reporter-output>
          </reporter-output>
        </test-method> <!-- setup -->
        <test-method signature="createCustomer()[pri:1, instance:com.tests.CustomerAPITest@be64738]" started-at="2026-02-13T10:02:42 IST" name="createCustomer" finished-at="2026-02-13T10:02:43 IST" duration-ms="1212" status="PASS">
          <reporter-output>
          </reporter-output>
        </test-method> <!-- createCustomer -->
        <test-method signature="getCustomer()[pri:2, instance:com.tests.CustomerAPITest@be64738]" started-at="2026-02-13T10:02:43 IST" name="getCustomer" finished-at="2026-02-13T10:02:44 IST" duration-ms="87" status="PASS">
          <reporter-output>
          </reporter-output>
        </test-method> <!-- getCustomer -->
        <test-method signature="updateCustomer()[pri:3, instance:com.tests.CustomerAPITest@be64738]" started-at="2026-02-13T10:02:44 IST" name="updateCustomer" finished-at="2026-02-13T10:02:44 IST" duration-ms="679" status="PASS">
          <reporter-output>
          </reporter-output>
        </test-method> <!-- updateCustomer -->
        <test-method signature="deleteCustomer()[pri:4, instance:com.tests.CustomerAPITest@be64738]" started-at="2026-02-13T10:02:44 IST" name="deleteCustomer" finished-at="2026-02-13T10:02:45 IST" duration-ms="287" status="PASS">
          <reporter-output>
          </reporter-output>
        </test-method> <!-- deleteCustomer -->
      </class> <!-- com.tests.CustomerAPITest -->
    </test> <!-- Default test -->
  </suite> <!-- Default suite -->
</testng-results>
