<?xml version="1.0" encoding="UTF-8"?>
<!-- Generated by org.testng.reporters.JUnitReportReporter -->
<testsuite hostname="DESKTOP-M3U96I6" failures="0" tests="4" name="com.tests.CustomerAPITest" time="2.265" errors="0" timestamp="2026-02-13T10:02:45 IST" skipped="0">
  <testcase classname="com.tests.CustomerAPITest" name="createCustomer" time="1.212"/>
  <testcase classname="com.tests.CustomerAPITest" name="getCustomer" time="0.087"/>
  <testcase classname="com.tests.CustomerAPITest" name="updateCustomer" time="0.679"/>
  <testcase classname="com.tests.CustomerAPITest" name="deleteCustomer" time="0.287"/>
</testsuite> <!-- com.tests.CustomerAPITest -->
